2021-05-19 04:35:14,957 WARNING  From /Users/richard/miniconda3/envs/vesper-0.4.8/lib/python3.6/site-packages/vesper/mpg_ranch/nfc_coarse_classifier_3_0/dataset_utils.py:25: The name tf.FixedLenFeature is deprecated. Please use tf.io.FixedLenFeature instead.

2021-05-19 04:35:15,696 ERROR    Preset manager could not read preset file "/Volumes/ABAIA/msgr-vesper-archive-2021/Presets/Clip Album Commands/._Calls.yaml".
2021-05-19 04:35:15,704 ERROR    Preset manager could not read preset file "/Volumes/ABAIA/msgr-vesper-archive-2021/Presets/Clip Album Commands/._Coarse.yaml".
2021-05-19 04:35:15,712 ERROR    Preset manager could not read preset file "/Volumes/ABAIA/msgr-vesper-archive-2021/Presets/Clip Album Settings/._Resizing Clips, Labels Below.yaml".
2021-05-19 04:35:15,715 ERROR    Preset manager could not read preset file "/Volumes/ABAIA/msgr-vesper-archive-2021/Presets/Detection Schedule/._Ithaca 2019.yaml".
2021-05-19 04:35:15,716 ERROR    Preset manager could not read preset file "/Volumes/ABAIA/msgr-vesper-archive-2021/Presets/Station Name Aliases/._Station Name Aliases.yaml".
2021-05-19 04:35:15,716 INFO     Job started for command "import" with arguments:
2021-05-19 04:35:15,717 INFO         {
2021-05-19 04:35:15,717 INFO             "importer": {
2021-05-19 04:35:15,717 INFO                 "name": "Recording Importer",
2021-05-19 04:35:15,717 INFO                 "arguments": {
2021-05-19 04:35:15,717 INFO                     "paths": [
2021-05-19 04:35:15,717 INFO                         "/Volumes/ABAIA/msgr-vesper-archive-2021/Recordings"
2021-05-19 04:35:15,717 INFO                     ],
2021-05-19 04:35:15,717 INFO                     "recursive": false,
2021-05-19 04:35:15,717 INFO                     "recording_file_parser": {
2021-05-19 04:35:15,717 INFO                         "name": "MPG Ranch Recording File Parser",
2021-05-19 04:35:15,717 INFO                         "arguments": {
2021-05-19 04:35:15,717 INFO                             "station_name_aliases_preset": "Station Name Aliases"
2021-05-19 04:35:15,717 INFO                         }
2021-05-19 04:35:15,717 INFO                     }
2021-05-19 04:35:15,717 INFO                 }
2021-05-19 04:35:15,717 INFO             }
2021-05-19 04:35:15,717 INFO         }
2021-05-19 04:35:15,724 ERROR    Recording import failed with an exception.
The exception message was:
    Error parsing recording file "/Volumes/ABAIA/msgr-vesper-archive-2021/Recordings/MSGR_2021-03-31_00.53.00_Z.wav": Could not parse file name.
The archive was not modified.
See below for exception traceback.
2021-05-19 04:35:15,730 ERROR    Job failed with an exception. See traceback below.
Traceback (most recent call last):
  File "/Users/richard/miniconda3/envs/vesper-0.4.8/lib/python3.6/site-packages/vesper/command/recording_importer.py", line 192, in _parse_recording_file
    file = self.file_parser.parse_file(str(file_path))
  File "/Users/richard/miniconda3/envs/vesper-0.4.8/lib/python3.6/site-packages/vesper/mpg_ranch/recording_file_parser.py", line 525, in parse_file
    self._parse_file_name(file_path)
  File "/Users/richard/miniconda3/envs/vesper-0.4.8/lib/python3.6/site-packages/vesper/mpg_ranch/recording_file_parser.py", line 555, in _parse_file_name
    raise ValueError('Could not parse file name.')
ValueError: Could not parse file name.

During handling of the above exception, another exception occurred:

Traceback (most recent call last):
  File "/Users/richard/miniconda3/envs/vesper-0.4.8/lib/python3.6/site-packages/vesper/command/job_runner.py", line 145, in run_job
    complete = command.execute(info)
  File "/Users/richard/miniconda3/envs/vesper-0.4.8/lib/python3.6/site-packages/vesper/command/import_command.py", line 22, in execute
    return self._importer.execute(context)
  File "/Users/richard/miniconda3/envs/vesper-0.4.8/lib/python3.6/site-packages/vesper/command/recording_importer.py", line 57, in execute
    recordings = self._get_recordings()
  File "/Users/richard/miniconda3/envs/vesper-0.4.8/lib/python3.6/site-packages/vesper/command/recording_importer.py", line 84, in _get_recordings
    self._get_path_recording_files(path) for path in self.paths))
  File "/Users/richard/miniconda3/envs/vesper-0.4.8/lib/python3.6/site-packages/vesper/command/recording_importer.py", line 84, in <genexpr>
    self._get_path_recording_files(path) for path in self.paths))
  File "/Users/richard/miniconda3/envs/vesper-0.4.8/lib/python3.6/site-packages/vesper/command/recording_importer.py", line 91, in _get_path_recording_files
    return self._get_dir_recording_files(path)
  File "/Users/richard/miniconda3/envs/vesper-0.4.8/lib/python3.6/site-packages/vesper/command/recording_importer.py", line 106, in _get_dir_recording_files
    file = self._get_recording_file(Path(file_path))
  File "/Users/richard/miniconda3/envs/vesper-0.4.8/lib/python3.6/site-packages/vesper/command/recording_importer.py", line 125, in _get_recording_file
    file = self._parse_recording_file(abs_path)
  File "/Users/richard/miniconda3/envs/vesper-0.4.8/lib/python3.6/site-packages/vesper/command/recording_importer.py", line 197, in _parse_recording_file
    file_path, str(e)))
vesper.command.command.CommandExecutionError: Error parsing recording file "/Volumes/ABAIA/msgr-vesper-archive-2021/Recordings/MSGR_2021-03-31_00.53.00_Z.wav": Could not parse file name.

